app/build/intermediates/manifest_merge_blame_file/debug/manifest-merger-blame-debug-report.txt
1<?xml version="1.0" encoding="utf-8"?>
2<manifest xmlns:android="http://schemas.android.com/apk/res/android"
3    package="com.example.myapplication"
4    android:versionCode="1"
5    android:versionName="1.0" >
6
7    <uses-sdk
8        android:minSdkVersion="21"
8-->src\main\AndroidManifest.xml
9        android:targetSdkVersion="33" />
9-->src\main\AndroidManifest.xml
10
11    <uses-permission android:name="android.permission.INTERNET" />
11-->src\main\AndroidManifest.xml:5:5-67
11-->src\main\AndroidManifest.xml:5:22-64
12    <uses-permission android:name="android.permission.ACCESS_NETWORK_STATE" />
12-->[com.google.firebase:firebase-auth:21.1.0] AndroidManifest.xml:24:5-79
12-->[com.google.firebase:firebase-auth:21.1.0] AndroidManifest.xml:24:22-76
13
14    <permission
14-->[androidx.core:core:1.9.0] AndroidManifest.xml:22:5-24:47
15        android:name="com.example.myapplication.DYNAMIC_RECEIVER_NOT_EXPORTED_PERMISSION"
15-->[androidx.core:core:1.9.0] AndroidManifest.xml:23:9-81
16        android:protectionLevel="signature" />
16-->[androidx.core:core:1.9.0] AndroidManifest.xml:24:9-44
17
18    <uses-permission android:name="com.example.myapplication.DYNAMIC_RECEIVER_NOT_EXPORTED_PERMISSION" />
18-->[androidx.core:core:1.9.0] AndroidManifest.xml:26:5-97
18-->[androidx.core:core:1.9.0] AndroidManifest.xml:26:22-94
19
20    <application
20-->src\main\AndroidManifest.xml:7:5-82:19
21        android:allowBackup="true"
21-->src\main\AndroidManifest.xml:8:9-35
22        android:appComponentFactory="androidx.core.app.CoreComponentFactory"
22-->[androidx.core:core:1.9.0] AndroidManifest.xml:28:18-86
23        android:dataExtractionRules="@xml/data_extraction_rules"
23-->src\main\AndroidManifest.xml:9:9-65
24        android:debuggable="true"
25        android:fullBackupContent="@xml/backup_rules"
25-->src\main\AndroidManifest.xml:10:9-54
26        android:icon="@drawable/jatra_intro"
26-->src\main\AndroidManifest.xml:11:9-45
27        android:label="@string/app_name"
27-->src\main\AndroidManifest.xml:12:9-41
28        android:roundIcon="@drawable/jatra_intro"
28-->src\main\AndroidManifest.xml:13:9-50
29        android:supportsRtl="true"
29-->src\main\AndroidManifest.xml:14:9-35
30        android:testOnly="true"
31        android:theme="@style/Theme.Material3.Light" >
31-->src\main\AndroidManifest.xml:15:9-53
32        <activity
32-->src\main\AndroidManifest.xml:17:9-23:20
33            android:name="com.example.myapplication.FoodUpload"
33-->src\main\AndroidManifest.xml:18:13-39
34            android:exported="false" >
34-->src\main\AndroidManifest.xml:19:13-37
35            <meta-data
35-->src\main\AndroidManifest.xml:20:13-22:36
36                android:name="android.app.lib_name"
36-->src\main\AndroidManifest.xml:21:17-52
37                android:value="" />
37-->src\main\AndroidManifest.xml:22:17-33
38        </activity>
39        <activity
39-->src\main\AndroidManifest.xml:24:9-30:20
40            android:name="com.example.myapplication.TrainAddress"
40-->src\main\AndroidManifest.xml:25:13-41
41            android:exported="false" >
41-->src\main\AndroidManifest.xml:26:13-37
42            <meta-data
42-->src\main\AndroidManifest.xml:20:13-22:36
43                android:name="android.app.lib_name"
43-->src\main\AndroidManifest.xml:21:17-52
44                android:value="" />
44-->src\main\AndroidManifest.xml:22:17-33
45        </activity>
46        <activity
46-->src\main\AndroidManifest.xml:31:9-37:20
47            android:name="com.example.myapplication.BottomNavigation"
47-->src\main\AndroidManifest.xml:32:13-45
48            android:exported="false" >
48-->src\main\AndroidManifest.xml:33:13-37
49            <meta-data
49-->src\main\AndroidManifest.xml:20:13-22:36
50                android:name="android.app.lib_name"
50-->src\main\AndroidManifest.xml:21:17-52
51                android:value="" />
51-->src\main\AndroidManifest.xml:22:17-33
52        </activity>
53        <activity
53-->src\main\AndroidManifest.xml:38:9-50:20
54            android:name="com.example.myapplication.Welcome"
54-->src\main\AndroidManifest.xml:39:13-36
55            android:exported="true" >
55-->src\main\AndroidManifest.xml:40:13-36
56            <intent-filter>
56-->src\main\AndroidManifest.xml:41:13-45:29
57                <action android:name="android.intent.action.MAIN" />
57-->src\main\AndroidManifest.xml:42:17-69
57-->src\main\AndroidManifest.xml:42:25-66
58
59                <category android:name="android.intent.category.LAUNCHER" />
59-->src\main\AndroidManifest.xml:44:17-77
59-->src\main\AndroidManifest.xml:44:27-74
60            </intent-filter>
61
62            <meta-data
62-->src\main\AndroidManifest.xml:20:13-22:36
63                android:name="android.app.lib_name"
63-->src\main\AndroidManifest.xml:21:17-52
64                android:value="" />
64-->src\main\AndroidManifest.xml:22:17-33
65        </activity>
66        <activity
66-->src\main\AndroidManifest.xml:51:9-58:20
67            android:name="com.example.myapplication.Signup"
67-->src\main\AndroidManifest.xml:52:13-35
68            android:exported="false"
68-->src\main\AndroidManifest.xml:53:13-37
69            android:theme="@style/Theme.Material3.Light.NoActionBar" >
69-->src\main\AndroidManifest.xml:54:13-69
70            <meta-data
70-->src\main\AndroidManifest.xml:20:13-22:36
71                android:name="android.app.lib_name"
71-->src\main\AndroidManifest.xml:21:17-52
72                android:value="" />
72-->src\main\AndroidManifest.xml:22:17-33
73        </activity>
74        <activity
74-->src\main\AndroidManifest.xml:59:9-66:20
75            android:name="com.example.myapplication.Login"
75-->src\main\AndroidManifest.xml:60:13-34
76            android:exported="false"
76-->src\main\AndroidManifest.xml:61:13-37
77            android:theme="@style/Theme.Material3.Light.NoActionBar" >
77-->src\main\AndroidManifest.xml:62:13-69
78            <meta-data
78-->src\main\AndroidManifest.xml:20:13-22:36
79                android:name="android.app.lib_name"
79-->src\main\AndroidManifest.xml:21:17-52
80                android:value="" />
80-->src\main\AndroidManifest.xml:22:17-33
81        </activity>
82        <activity
82-->src\main\AndroidManifest.xml:67:9-81:20
83            android:name="com.example.myapplication.MainActivity"
83-->src\main\AndroidManifest.xml:68:13-41
84            android:exported="true" >
84-->src\main\AndroidManifest.xml:69:13-36
85
86            <!-- <intent-filter> -->
87            <!-- <action android:name="android.intent.action.MAIN" /> -->
88
89
90            <!-- <category android:name="android.intent.category.LAUNCHER" /> -->
91            <!-- </intent-filter> -->
92
93            <meta-data
93-->src\main\AndroidManifest.xml:20:13-22:36
94                android:name="android.app.lib_name"
94-->src\main\AndroidManifest.xml:21:17-52
95                android:value="" />
95-->src\main\AndroidManifest.xml:22:17-33
96        </activity>
97        <activity
97-->[com.google.firebase:firebase-auth:21.1.0] AndroidManifest.xml:27:9-44:20
98            android:name="com.google.firebase.auth.internal.GenericIdpActivity"
98-->[com.google.firebase:firebase-auth:21.1.0] AndroidManifest.xml:28:13-80
99            android:excludeFromRecents="true"
99-->[com.google.firebase:firebase-auth:21.1.0] AndroidManifest.xml:29:13-46
100            android:exported="true"
100-->[com.google.firebase:firebase-auth:21.1.0] AndroidManifest.xml:30:13-36
101            android:launchMode="singleTask"
101-->[com.google.firebase:firebase-auth:21.1.0] AndroidManifest.xml:31:13-44
102            android:theme="@android:style/Theme.Translucent.NoTitleBar" >
102-->[com.google.firebase:firebase-auth:21.1.0] AndroidManifest.xml:32:13-72
103            <intent-filter>
103-->[com.google.firebase:firebase-auth:21.1.0] AndroidManifest.xml:33:13-43:29
104                <action android:name="android.intent.action.VIEW" />
104-->[com.google.firebase:firebase-auth:21.1.0] AndroidManifest.xml:34:17-69
104-->[com.google.firebase:firebase-auth:21.1.0] AndroidManifest.xml:34:25-66
105
106                <category android:name="android.intent.category.DEFAULT" />
106-->[com.google.firebase:firebase-auth:21.1.0] AndroidManifest.xml:36:17-76
106-->[com.google.firebase:firebase-auth:21.1.0] AndroidManifest.xml:36:27-73
107                <category android:name="android.intent.category.BROWSABLE" />
107-->[com.google.firebase:firebase-auth:21.1.0] AndroidManifest.xml:37:17-78
107-->[com.google.firebase:firebase-auth:21.1.0] AndroidManifest.xml:37:27-75
108
109                <data
109-->[com.google.firebase:firebase-auth:21.1.0] AndroidManifest.xml:39:17-42:51
110                    android:host="firebase.auth"
110-->[com.google.firebase:firebase-auth:21.1.0] AndroidManifest.xml:40:21-49
111                    android:path="/"
111-->[com.google.firebase:firebase-auth:21.1.0] AndroidManifest.xml:41:21-37
112                    android:scheme="genericidp" />
112-->[com.google.firebase:firebase-auth:21.1.0] AndroidManifest.xml:42:21-48
113            </intent-filter>
114        </activity>
115        <activity
115-->[com.google.firebase:firebase-auth:21.1.0] AndroidManifest.xml:45:9-62:20
116            android:name="com.google.firebase.auth.internal.RecaptchaActivity"
116-->[com.google.firebase:firebase-auth:21.1.0] AndroidManifest.xml:46:13-79
117            android:excludeFromRecents="true"
117-->[com.google.firebase:firebase-auth:21.1.0] AndroidManifest.xml:47:13-46
118            android:exported="true"
118-->[com.google.firebase:firebase-auth:21.1.0] AndroidManifest.xml:48:13-36
119            android:launchMode="singleTask"
119-->[com.google.firebase:firebase-auth:21.1.0] AndroidManifest.xml:49:13-44
120            android:theme="@android:style/Theme.Translucent.NoTitleBar" >
120-->[com.google.firebase:firebase-auth:21.1.0] AndroidManifest.xml:50:13-72
121            <intent-filter>
121-->[com.google.firebase:firebase-auth:21.1.0] AndroidManifest.xml:51:13-61:29
122                <action android:name="android.intent.action.VIEW" />
122-->[com.google.firebase:firebase-auth:21.1.0] AndroidManifest.xml:34:17-69
122-->[com.google.firebase:firebase-auth:21.1.0] AndroidManifest.xml:34:25-66
123
124                <category android:name="android.intent.category.DEFAULT" />
124-->[com.google.firebase:firebase-auth:21.1.0] AndroidManifest.xml:36:17-76
124-->[com.google.firebase:firebase-auth:21.1.0] AndroidManifest.xml:36:27-73
125                <category android:name="android.intent.category.BROWSABLE" />
125-->[com.google.firebase:firebase-auth:21.1.0] AndroidManifest.xml:37:17-78
125-->[com.google.firebase:firebase-auth:21.1.0] AndroidManifest.xml:37:27-75
126
127                <data
127-->[com.google.firebase:firebase-auth:21.1.0] AndroidManifest.xml:39:17-42:51
128                    android:host="firebase.auth"
128-->[com.google.firebase:firebase-auth:21.1.0] AndroidManifest.xml:40:21-49
129                    android:path="/"
129-->[com.google.firebase:firebase-auth:21.1.0] AndroidManifest.xml:41:21-37
130                    android:scheme="recaptcha" />
130-->[com.google.firebase:firebase-auth:21.1.0] AndroidManifest.xml:42:21-48
131            </intent-filter>
132        </activity>
133
134        <service
134-->[com.google.firebase:firebase-auth:21.1.0] AndroidManifest.xml:64:9-70:19
135            android:name="com.google.firebase.components.ComponentDiscoveryService"
135-->[com.google.firebase:firebase-auth:21.1.0] AndroidManifest.xml:65:13-84
136            android:directBootAware="true"
136-->[com.google.firebase:firebase-common:20.2.0] AndroidManifest.xml:34:13-43
137            android:exported="false" >
137-->[com.google.firebase:firebase-auth:21.1.0] AndroidManifest.xml:66:13-37
138            <meta-data
138-->[com.google.firebase:firebase-auth:21.1.0] AndroidManifest.xml:67:13-69:85
139                android:name="com.google.firebase.components:com.google.firebase.auth.FirebaseAuthRegistrar"
139-->[com.google.firebase:firebase-auth:21.1.0] AndroidManifest.xml:68:17-109
140                android:value="com.google.firebase.components.ComponentRegistrar" />
140-->[com.google.firebase:firebase-auth:21.1.0] AndroidManifest.xml:69:17-82
141            <meta-data
141-->[com.google.firebase:firebase-database:20.1.0] AndroidManifest.xml:31:13-33:85
142                android:name="com.google.firebase.components:com.google.firebase.database.DatabaseRegistrar"
142-->[com.google.firebase:firebase-database:20.1.0] AndroidManifest.xml:32:17-109
143                android:value="com.google.firebase.components.ComponentRegistrar" />
143-->[com.google.firebase:firebase-database:20.1.0] AndroidManifest.xml:33:17-82
144            <meta-data
144-->[com.google.firebase:firebase-storage:20.1.0] AndroidManifest.xml:32:13-34:85
145                android:name="com.google.firebase.components:com.google.firebase.storage.StorageRegistrar"
145-->[com.google.firebase:firebase-storage:20.1.0] AndroidManifest.xml:33:17-107
146                android:value="com.google.firebase.components.ComponentRegistrar" />
146-->[com.google.firebase:firebase-storage:20.1.0] AndroidManifest.xml:34:17-82
147        </service>
148
149        <provider
149-->[com.google.firebase:firebase-common:20.2.0] AndroidManifest.xml:25:9-30:39
150            android:name="com.google.firebase.provider.FirebaseInitProvider"
150-->[com.google.firebase:firebase-common:20.2.0] AndroidManifest.xml:26:13-77
151            android:authorities="com.example.myapplication.firebaseinitprovider"
151-->[com.google.firebase:firebase-common:20.2.0] AndroidManifest.xml:27:13-72
152            android:directBootAware="true"
152-->[com.google.firebase:firebase-common:20.2.0] AndroidManifest.xml:28:13-43
153            android:exported="false"
153-->[com.google.firebase:firebase-common:20.2.0] AndroidManifest.xml:29:13-37
154            android:initOrder="100" />
154-->[com.google.firebase:firebase-common:20.2.0] AndroidManifest.xml:30:13-36
155
156        <activity
156-->[com.google.android.gms:play-services-base:18.0.1] AndroidManifest.xml:20:9-22:45
157            android:name="com.google.android.gms.common.api.GoogleApiActivity"
157-->[com.google.android.gms:play-services-base:18.0.1] AndroidManifest.xml:20:19-85
158            android:exported="false"
158-->[com.google.android.gms:play-services-base:18.0.1] AndroidManifest.xml:22:19-43
159            android:theme="@android:style/Theme.Translucent.NoTitleBar" />
159-->[com.google.android.gms:play-services-base:18.0.1] AndroidManifest.xml:21:19-78
160
161        <meta-data
161-->[com.google.android.gms:play-services-basement:18.1.0] AndroidManifest.xml:21:9-23:69
162            android:name="com.google.android.gms.version"
162-->[com.google.android.gms:play-services-basement:18.1.0] AndroidManifest.xml:22:13-58
163            android:value="@integer/google_play_services_version" />
163-->[com.google.android.gms:play-services-basement:18.1.0] AndroidManifest.xml:23:13-66
164
165        <provider
165-->[androidx.emoji2:emoji2:1.2.0] AndroidManifest.xml:24:9-32:20
166            android:name="androidx.startup.InitializationProvider"
166-->[androidx.emoji2:emoji2:1.2.0] AndroidManifest.xml:25:13-67
167            android:authorities="com.example.myapplication.androidx-startup"
167-->[androidx.emoji2:emoji2:1.2.0] AndroidManifest.xml:26:13-68
168            android:exported="false" >
168-->[androidx.emoji2:emoji2:1.2.0] AndroidManifest.xml:27:13-37
169            <meta-data
169-->[androidx.emoji2:emoji2:1.2.0] AndroidManifest.xml:29:13-31:52
170                android:name="androidx.emoji2.text.EmojiCompatInitializer"
170-->[androidx.emoji2:emoji2:1.2.0] AndroidManifest.xml:30:17-75
171                android:value="androidx.startup" />
171-->[androidx.emoji2:emoji2:1.2.0] AndroidManifest.xml:31:17-49
172            <meta-data
172-->[androidx.lifecycle:lifecycle-process:2.4.1] AndroidManifest.xml:31:13-33:52
173                android:name="androidx.lifecycle.ProcessLifecycleInitializer"
173-->[androidx.lifecycle:lifecycle-process:2.4.1] AndroidManifest.xml:32:17-78
174                android:value="androidx.startup" />
174-->[androidx.lifecycle:lifecycle-process:2.4.1] AndroidManifest.xml:33:17-49
175        </provider>
176
177        <uses-library
177-->[androidx.window:window:1.0.0] AndroidManifest.xml:25:9-27:40
178            android:name="androidx.window.extensions"
178-->[androidx.window:window:1.0.0] AndroidManifest.xml:26:13-54
179            android:required="false" />
179-->[androidx.window:window:1.0.0] AndroidManifest.xml:27:13-37
180        <uses-library
180-->[androidx.window:window:1.0.0] AndroidManifest.xml:28:9-30:40
181            android:name="androidx.window.sidecar"
181-->[androidx.window:window:1.0.0] AndroidManifest.xml:29:13-51
182            android:required="false" />
182-->[androidx.window:window:1.0.0] AndroidManifest.xml:30:13-37
183    </application>
184
185</manifest>